<?xml version="1.0" encoding="UTF-8"?>
<testng-results ignored="0" total="1" passed="1" failed="0" skipped="0">
  <reporter-output>
  </reporter-output>
  <suite started-at="2026-05-07T20:45:18 IST" name="Default suite" finished-at="2026-05-07T20:45:41 IST" duration-ms="22181">
    <groups>
    </groups>
    <test started-at="2026-05-07T20:45:18 IST" name="Default test" finished-at="2026-05-07T20:45:41 IST" duration-ms="22181">
      <class name="P1_RegisterPage">
        <test-method signature="verifyRegisteringWithMandatoryFields()[pri:0, instance:P1_RegisterPage@36fc695d]" started-at="2026-05-07T20:45:19 IST" name="verifyRegisteringWithMandatoryFields" finished-at="2026-05-07T20:45:41 IST" duration-ms="22138" status="PASS">
          <reporter-output>
          </reporter-output>
        </test-method> <!-- verifyRegisteringWithMandatoryFields -->
      </class> <!-- P1_RegisterPage -->
    </test> <!-- Default test -->
  </suite> <!-- Default suite -->
</testng-results>
